<?xml version="1.0" encoding="UTF-8"?>
<testsuite name="com.adammcquistan.openjfx.AppTest" tests="1" skipped="0" failures="0" errors="0" timestamp="2018-11-06T20:21:03" hostname="Adams-MacBook-Pro-8.local" time="0.009">
  <properties/>
  <testcase name="testPerson()" classname="com.adammcquistan.openjfx.AppTest" time="0.009"/>
  <system-out><![CDATA[]]></system-out>
  <system-err><![CDATA[]]></system-err>
</testsuite>
